c:\users\aaron\documents\uni work\gameai\gameai\gameai\debug\vc140.pdb
c:\users\aaron\documents\uni work\gameai\gameai\gameai\debug\vc140.idb
c:\users\aaron\documents\uni work\gameai\gameai\gameai\debug\gameobject.obj
c:\users\aaron\documents\uni work\gameai\gameai\gameai\debug\gamescreen.obj
c:\users\aaron\documents\uni work\gameai\gameai\gameai\debug\gamescreenlevel1.obj
c:\users\aaron\documents\uni work\gameai\gameai\gameai\debug\gamescreenmanager.obj
c:\users\aaron\documents\uni work\gameai\gameai\gameai\debug\levelmap.obj
c:\users\aaron\documents\uni work\gameai\gameai\gameai\debug\obstaclemanager.obj
c:\users\aaron\documents\uni work\gameai\gameai\gameai\debug\pickupmanager.obj
c:\users\aaron\documents\uni work\gameai\gameai\gameai\debug\projectile.obj
c:\users\aaron\documents\uni work\gameai\gameai\gameai\debug\projectilemanager.obj
c:\users\aaron\documents\uni work\gameai\gameai\gameai\debug\s013010c_aaron_smith_tank.obj
c:\users\aaron\documents\uni work\gameai\gameai\gameai\debug\source.obj
c:\users\aaron\documents\uni work\gameai\gameai\gameai\debug\tankmanager.obj
c:\users\aaron\documents\uni work\gameai\gameai\gameai\debug\texture2d.obj
c:\users\aaron\documents\uni work\gameai\gameai\gameai\debug\tinystr.obj
c:\users\aaron\documents\uni work\gameai\gameai\gameai\debug\tinyxml.obj
c:\users\aaron\documents\uni work\gameai\gameai\gameai\debug\tinyxmlerror.obj
c:\users\aaron\documents\uni work\gameai\gameai\gameai\debug\tinyxmlparser.obj
c:\users\aaron\documents\uni work\gameai\gameai\gameai\debug\waypoint.obj
c:\users\aaron\documents\uni work\gameai\gameai\gameai\debug\waypointmanager.obj
c:\users\aaron\documents\uni work\gameai\gameai\gameai\debug\basetank.obj
c:\users\aaron\documents\uni work\gameai\gameai\gameai\debug\collisions.obj
c:\users\aaron\documents\uni work\gameai\gameai\gameai\debug\controlledtank.obj
c:\users\aaron\documents\uni work\gameai\gameai\gameai\debug\s013010c_aaron_smith_steering.obj
c:\users\aaron\documents\uni work\gameai\gameai\debug\gameai.ilk
c:\users\aaron\documents\uni work\gameai\gameai\debug\gameai.exe
c:\users\aaron\documents\uni work\gameai\gameai\debug\gameai.pdb
c:\users\aaron\documents\uni work\gameai\gameai\gameai\debug\gameai.tlog\cl.command.1.tlog
c:\users\aaron\documents\uni work\gameai\gameai\gameai\debug\gameai.tlog\cl.read.1.tlog
c:\users\aaron\documents\uni work\gameai\gameai\gameai\debug\gameai.tlog\cl.write.1.tlog
c:\users\aaron\documents\uni work\gameai\gameai\gameai\debug\gameai.tlog\link.command.1.tlog
c:\users\aaron\documents\uni work\gameai\gameai\gameai\debug\gameai.tlog\link.read.1.tlog
c:\users\aaron\documents\uni work\gameai\gameai\gameai\debug\gameai.tlog\link.write.1.tlog
