Build started 05/02/2016 22:09:07.
     1>Project "C:\Users\Aaron\Documents\UNI WORK\GameAI\GameAI\GameAI\GameAI.vcxproj" on node 2 (Build target(s)).
     1>ClCompile:
         C:\Program Files (x86)\Microsoft Visual Studio 14.0\VC\bin\CL.exe /c /I"C:\Users\Aaron\Documents\UNI WORK\GameAI\GameAI\GameAI\\SDL\mixer_include" /I"C:\Users\Aaron\Documents\UNI WORK\GameAI\GameAI\GameAI\\SDL\include" /I"C:\Users\Aaron\Documents\UNI WORK\GameAI\GameAI\GameAI\\SDL\image_include" /ZI /nologo /W3 /WX- /Od /Oy- /D _MBCS /Gm /EHsc /RTC1 /MDd /GS /fp:precise /Zc:wchar_t /Zc:forScope /Zc:inline /Fo"Debug\\" /Fd"Debug\vc140.pdb" /Gd /TP /analyze- /errorReport:prompt S013010C_Aaron_Smith_Steering.cpp
         S013010C_Aaron_Smith_Steering.cpp
     1>c:\users\aaron\documents\uni work\gameai\gameai\gameai\s013010c_aaron_smith_steering.cpp(278): warning C4018: '<': signed/unsigned mismatch
     1>c:\users\aaron\documents\uni work\gameai\gameai\gameai\s013010c_aaron_smith_steering.cpp(95): warning C4715: 'S013010C_Aaron_Smith_Steering::Arrive': not all control paths return a value
       Link:
         C:\Program Files (x86)\Microsoft Visual Studio 14.0\VC\bin\link.exe /ERRORREPORT:PROMPT /OUT:"C:\Users\Aaron\Documents\UNI WORK\GameAI\GameAI\Debug\GameAI.exe" /INCREMENTAL /NOLOGO /LIBPATH:"C:\Users\Aaron\Documents\UNI WORK\GameAI\GameAI\GameAI\\SDL" kernel32.lib user32.lib gdi32.lib winspool.lib comdlg32.lib advapi32.lib shell32.lib ole32.lib oleaut32.lib uuid.lib odbc32.lib odbccp32.lib /MANIFEST /MANIFESTUAC:"level='asInvoker' uiAccess='false'" /manifest:embed /Debug /PDB:"C:\Users\Aaron\Documents\UNI WORK\GameAI\GameAI\Debug\GameAI.pdb" /SUBSYSTEM:CONSOLE /TLBID:1 /DYNAMICBASE /NXCOMPAT /IMPLIB:"C:\Users\Aaron\Documents\UNI WORK\GameAI\GameAI\Debug\GameAI.lib" /MACHINE:X86 Debug\BaseTank.obj
         Debug\Collisions.obj
         Debug\ControlledTank.obj
         Debug\GameObject.obj
         Debug\GameScreen.obj
         Debug\GameScreenLevel1.obj
         Debug\GameScreenManager.obj
         Debug\LevelMap.obj
         Debug\ObstacleManager.obj
         Debug\PickUpManager.obj
         Debug\Projectile.obj
         Debug\ProjectileManager.obj
         Debug\S013010C_Aaron_Smith_Steering.obj
         Debug\S013010C_Aaron_Smith_Tank.obj
         Debug\Source.obj
         Debug\TankManager.obj
         Debug\TestTank.obj
         Debug\TestTankSteering.obj
         Debug\Texture2D.obj
         Debug\tinystr.obj
         Debug\tinyxml.obj
         Debug\tinyxmlerror.obj
         Debug\tinyxmlparser.obj
         Debug\Waypoint.obj
         Debug\WaypointManager.obj
         SDL\SDL2.lib
         SDL\SDL2main.lib
         SDL\SDL2_image.lib
         SDL\SDL2_mixer.lib
         GameAI.vcxproj -> C:\Users\Aaron\Documents\UNI WORK\GameAI\GameAI\Debug\GameAI.exe
     1>Done Building Project "C:\Users\Aaron\Documents\UNI WORK\GameAI\GameAI\GameAI\GameAI.vcxproj" (Build target(s)).

Build succeeded.

Time Elapsed 00:00:01.81
